#! /usr/bin/vvp
:ivl_version "10.3 (stable)";
:ivl_delay_selection "TYPICAL";
:vpi_time_precision - 12;
:vpi_module "system";
:vpi_module "vhdl_sys";
:vpi_module "v2005_math";
:vpi_module "va_math";
S_0x55b15c3cf0d0 .scope module, "upcounter_testbench" "upcounter_testbench" 2 1;
 .timescale 0 0;
v0x55b15c415f90_0 .var "clk", 0 0;
v0x55b15c416060_0 .net "counter", 3 0, L_0x55b15c416230;  1 drivers
v0x55b15c416130_0 .var "reset", 0 0;
S_0x55b15c3cf250 .scope module, "dut" "up_counter" 2 5, 3 3 0, S_0x55b15c3cf0d0;
 .timescale -9 -12;
    .port_info 0 /INPUT 1 "clk"
    .port_info 1 /INPUT 1 "reset"
    .port_info 2 /OUTPUT 4 "counter"
L_0x55b15c416230 .functor BUFZ 4, v0x55b15c415d90_0, C4<0000>, C4<0000>, C4<0000>;
v0x55b15c405b00_0 .net "clk", 0 0, v0x55b15c415f90_0;  1 drivers
v0x55b15c415cb0_0 .net "counter", 3 0, L_0x55b15c416230;  alias, 1 drivers
v0x55b15c415d90_0 .var "counter_up", 3 0;
v0x55b15c415e50_0 .net "reset", 0 0, v0x55b15c416130_0;  1 drivers
E_0x55b15c3cf710 .event posedge, v0x55b15c415e50_0, v0x55b15c405b00_0;
    .scope S_0x55b15c3cf250;
T_0 ;
    %wait E_0x55b15c3cf710;
    %load/vec4 v0x55b15c415e50_0;
    %flag_set/vec4 8;
    %jmp/0xz  T_0.0, 8;
    %pushi/vec4 0, 0, 4;
    %assign/vec4 v0x55b15c415d90_0, 0;
    %jmp T_0.1;
T_0.0 ;
    %load/vec4 v0x55b15c415d90_0;
    %addi 1, 0, 4;
    %assign/vec4 v0x55b15c415d90_0, 0;
T_0.1 ;
    %jmp T_0;
    .thread T_0;
    .scope S_0x55b15c3cf0d0;
T_1 ;
    %pushi/vec4 0, 0, 1;
    %store/vec4 v0x55b15c415f90_0, 0, 1;
T_1.0 ;
    %delay 658067456, 1164;
    %load/vec4 v0x55b15c415f90_0;
    %inv;
    %store/vec4 v0x55b15c415f90_0, 0, 1;
    %jmp T_1.0;
    %end;
    .thread T_1;
    .scope S_0x55b15c3cf0d0;
T_2 ;
    %vpi_call 2 20 "$dumpfile", "upcounter.vcd" {0 0 0};
    %vpi_call 2 21 "$dumpvars", 32'sb00000000000000000000000000000001, S_0x55b15c3cf0d0 {0 0 0};
    %end;
    .thread T_2;
    .scope S_0x55b15c3cf0d0;
T_3 ;
    %pushi/vec4 1, 0, 1;
    %store/vec4 v0x55b15c416130_0, 0, 1;
    %delay 2632269824, 4656;
    %pushi/vec4 0, 0, 1;
    %store/vec4 v0x55b15c416130_0, 0, 1;
    %end;
    .thread T_3;
# The file index is used to find the file name in the following table.
:file_names 4;
    "N/A";
    "<interactive>";
    "testbench-upcounter.sv";
    "upcounter.sv";
